<?xml version="1.0" encoding="UTF-8"?>
<testng-results ignored="0" total="1" passed="1" failed="0" skipped="0">
  <reporter-output>
  </reporter-output>
  <suite started-at="2025-05-19T23:21:13 IST" name="Default suite" finished-at="2025-05-19T23:21:15 IST" duration-ms="1979">
    <groups>
    </groups>
    <test started-at="2025-05-19T23:21:13 IST" name="Default test" finished-at="2025-05-19T23:21:15 IST" duration-ms="1979">
      <class name="tests.TestPost">
        <test-method signature="testPost()[pri:0, instance:tests.TestPost@3c46e67a]" started-at="2025-05-19T23:21:13 IST" name="testPost" finished-at="2025-05-19T23:21:15 IST" duration-ms="1935" status="PASS">
          <reporter-output>
          </reporter-output>
        </test-method> <!-- testPost -->
      </class> <!-- tests.TestPost -->
    </test> <!-- Default test -->
  </suite> <!-- Default suite -->
</testng-results>
